Arguments: 
  C:\Program Files\nodejs\node.exe C:\Users\pauli\AppData\Roaming\npm\node_modules\yarn\bin\yarn.js

PATH: 
  C:\Program Files\Git\mingw64\bin;C:\Program Files\Git\usr\bin;C:\Users\pauli\bin;C:\Users\pauli\AppData\Local\Programs\Python\Python310;C:\Users\pauli\AppData\Local\Programs\Python\Python310\Scripts;C:\Program Files\nodejs;C:\Users\pauli\AppData\Local\Yarn\Data\global;C:\Users\pauli\AppData\Local\Yarn;C:\Users\pauli\AppData\Roaming\npm\node_modules\yarn\bin;C:\Windows\System32;C:\Program Files\nodejs;C:\Program Files\Docker\Docker\resources\bin;C:\ProgramData\DockerDesktop\version-bin;C:\Users\pauli\AppData\Local\Programs\Python\Python310\Scripts;C:\Users\pauli\AppData\Local\Programs\Python\Python310;C:\Users\pauli\AppData\Local\Programs\Python\Python310;C:\Users\pauli\AppData\Local\Programs\Python\Python310\Scripts;C:\Program Files\nodejs;C:\Users\pauli\AppData\Local\Yarn\Data\global;C:\Users\pauli\AppData\Local\Yarn;C:\Users\pauli\AppData\Roaming\npm\node_modules\yarn\bin;C:\Users\pauli\AppData\Local\Yarn\bin;C:\Users\pauli\AppData\Local\Programs\Microsoft VS Code\bin;C:\Users\pauli\AppData\Roaming\npm;C:\Program Files\heroku\bin

Yarn version: 
  1.22.17

Node version: 
  16.14.0

Platform: 
  win32 x64

Trace: 
  SyntaxError: C:\Users\pauli\Documents\My Data\WebDev\react-course\portfolio\server\package.json: Unexpected token } in JSON at position 637
      at JSON.parse (<anonymous>)
      at C:\Users\pauli\AppData\Roaming\npm\node_modules\yarn\lib\cli.js:1625:59
      at Generator.next (<anonymous>)
      at step (C:\Users\pauli\AppData\Roaming\npm\node_modules\yarn\lib\cli.js:310:30)
      at C:\Users\pauli\AppData\Roaming\npm\node_modules\yarn\lib\cli.js:321:13

npm manifest: 
  {
    "name": "server",
    "version": "1.0.0",
    "description": "",
    "main": "index.js",
    "scripts": {
      "test": "echo \"Error: no test specified\" && exit 1"
    },
    "author": "",
    "license": "ISC",
    "dependencies": {
      "body-parser": "^1.19.2",
      "compression": "^1.7.4",
      "concurrently": "^7.2.1",
      "cors": "^2.8.5",
      "dotenv": "^16.0.0",
      "ejs": "^3.1.8",
      "express": "^4.17.3",
      "firebase": "8.10.0",
      "global": "^4.4.0",
      "googleapis": "^103.0.0",
      "helmet": "^5.1.1",
      "morgan": "^1.10.0",
      "node-fetch": "2",
      "nodemailer": "^6.7.5",
      "nodemon": "^2.0.16",
      "xoauth2": "^1.2.0",
    },
    "devDependencies": {
      "jest": "^28.1.3",
      "parcel": "^2.7.0",
      "supertest": "^6.2.4"
    }
  }

yarn manifest: 
  No manifest

Lockfile: 
  No lockfile
